<?xml version="1.0" encoding="UTF-8"?>
<!-- Generated by org.testng.reporters.JUnitReportReporter -->
<testsuite hostname="DESKTOP-FEF5KM6" failures="0" tests="1" name="Amazon.Project_1.Amazon_B2C_Search_Product_TestCases" time="59.407" errors="0" timestamp="2024-05-04T15:58:25 IST" skipped="0">
  <testcase classname="Amazon.Project_1.Amazon_B2C_Search_Product_TestCases" name="amz_search_product" time="59.407"/>
  <system-out/>
</testsuite> <!-- Amazon.Project_1.Amazon_B2C_Search_Product_TestCases -->
