<?xml version="1.0" encoding="UTF-8"?>
<!-- Generated by org.testng.reporters.JUnitReportReporter -->
<testsuite hostname="Sarikanth-PC" failures="0" tests="1" name="Amazon.Project_1.Amazon_B2C_Check_Product_Details_Display_TestCases" time="54.889" errors="0" timestamp="2024-05-16T11:21:12 IST" skipped="0">
  <testcase classname="Amazon.Project_1.Amazon_B2C_Check_Product_Details_Display_TestCases" name="amz_search_product_with_filters" time="54.889"/>
  <system-out/>
</testsuite> <!-- Amazon.Project_1.Amazon_B2C_Check_Product_Details_Display_TestCases -->
