<?xml version="1.0" encoding="UTF-8"?>
<!-- Generated by org.testng.reporters.JUnitReportReporter -->
<testsuite hostname="Sarikanth-PC" failures="0" tests="1" name="Amazon.Project_1.Amazon_B2C_Item_Quantity_and_Removing_Product_TestCases" time="18.914" errors="0" timestamp="2024-05-16T11:29:36 IST" skipped="0">
  <testcase classname="Amazon.Project_1.Amazon_B2C_Item_Quantity_and_Removing_Product_TestCases" name="adding_item_quantity_removing" time="18.914"/>
  <system-out/>
</testsuite> <!-- Amazon.Project_1.Amazon_B2C_Item_Quantity_and_Removing_Product_TestCases -->
