<?xml version="1.0" encoding="UTF-8"?>
<!-- Generated by org.testng.reporters.JUnitReportReporter -->
<testsuite hostname="Sarikanth-PC" failures="0" tests="1" name="Amazon.Project_1.Amazon_B2C_Register_Page_TestCases" time="10.492" errors="0" timestamp="2024-05-16T16:17:17 IST" skipped="0">
  <testcase classname="Amazon.Project_1.Amazon_B2C_Register_Page_TestCases" name="amazon_registration" time="10.492"/>
  <system-out/>
</testsuite> <!-- Amazon.Project_1.Amazon_B2C_Register_Page_TestCases -->
