<?xml version="1.0" encoding="UTF-8"?>
<!-- Generated by org.testng.reporters.JUnitReportReporter -->
<testsuite hostname="Sarikanth-PC" failures="0" tests="1" name="Amazon.Project_1.Amazon_B2C_Check_Product_Add_To_Cart_TestCases" time="42.312" errors="0" timestamp="2024-05-15T18:38:56 IST" skipped="0">
  <testcase classname="Amazon.Project_1.Amazon_B2C_Check_Product_Add_To_Cart_TestCases" name="amz_search_product_with_filters" time="42.312"/>
  <system-out/>
</testsuite> <!-- Amazon.Project_1.Amazon_B2C_Check_Product_Add_To_Cart_TestCases -->
