<?xml version="1.0" encoding="UTF-8"?>
<!-- Generated by org.testng.reporters.JUnitReportReporter -->
<testsuite hostname="DESKTOP-FEF5KM6" failures="0" tests="1" name="Amazon.Project_1.Amazon_B2C_Login_With_Incorrect_Details_TestCases" time="13.654" errors="0" timestamp="2024-05-04T12:04:47 IST" skipped="0">
  <testcase classname="Amazon.Project_1.Amazon_B2C_Login_With_Incorrect_Details_TestCases" name="login_To_amazon_with_wrong_details" time="13.654"/>
  <system-out/>
</testsuite> <!-- Amazon.Project_1.Amazon_B2C_Login_With_Incorrect_Details_TestCases -->
