<?xml version="1.0" encoding="UTF-8"?>
<!-- Generated by org.testng.reporters.JUnitReportReporter -->
<testsuite hostname="DESKTOP-451MOI8" failures="0" tests="1" name="Amazon.Project_1.Amazon_B2C_Login_Page_TestCases" time="6.366" errors="0" timestamp="2024-09-03T13:02:49 IST" skipped="0">
  <testcase classname="Amazon.Project_1.Amazon_B2C_Login_Page_TestCases" name="login_To_amazon" time="6.366"/>
  <system-out/>
</testsuite> <!-- Amazon.Project_1.Amazon_B2C_Login_Page_TestCases -->
