<?xml version="1.0" encoding="UTF-8"?>
<!-- Generated by org.testng.reporters.JUnitReportReporter -->
<testsuite hostname="Sarikanth-PC" failures="0" tests="1" name="Amazon.Project_1.Amazon_B2C_Edit_Profile_TestCases" time="17.887" errors="0" timestamp="2024-05-08T19:14:48 IST" skipped="0">
  <testcase classname="Amazon.Project_1.Amazon_B2C_Edit_Profile_TestCases" name="amazon_edit_profile" time="17.887"/>
  <system-out/>
</testsuite> <!-- Amazon.Project_1.Amazon_B2C_Edit_Profile_TestCases -->
